2025-01-18 18:09:42,221 WARNING: Page non trouvée : /favicon.ico [in /home/clement/Bureau/IUT - R&T/(1)SAE/CISCONF-backend-vers-Frontend (1)/flask_main.py:62]
2025-01-18 18:09:47,613 ERROR: Erreur lors de l'exécution des fonctions : 'data' [in /home/clement/Bureau/IUT - R&T/(1)SAE/CISCONF-backend-vers-Frontend (1)/flask_main.py:55]
2025-01-18 18:12:15,993 ERROR: Erreur lors de l'exécution des fonctions : 'data' [in /home/clement/Bureau/IUT - R&T/(1)SAE/CISCONF-backend-vers-Frontend (1)/flask_main.py:55]
2025-01-18 18:13:35,656 ERROR: Erreur lors de l'exécution des fonctions : 'data' [in /home/clement/Bureau/IUT - R&T/(1)SAE/CISCONF-backend-vers-Frontend (1)/flask_main.py:55]
2025-01-18 18:14:31,643 ERROR: Erreur lors de l'exécution des fonctions : 'formattedData' [in /home/clement/Bureau/IUT - R&T/(1)SAE/CISCONF-backend-vers-Frontend (1)/flask_main.py:55]
2025-01-18 18:15:23,632 ERROR: Erreur lors de l'exécution des fonctions : 'formattedData' [in /home/clement/Bureau/IUT - R&T/(1)SAE/CISCONF-backend-vers-Frontend (1)/flask_main.py:55]
2025-01-18 18:19:29,418 ERROR: Erreur lors de l'exécution des fonctions : 'formattedData' [in /home/clement/Bureau/IUT - R&T/(1)SAE/CISCONF-backend-vers-Frontend (1)/flask_main.py:55]
2025-01-18 18:20:05,968 ERROR: Erreur lors de l'exécution des fonctions : 400 Bad Request: Failed to decode JSON object: Unterminated string starting at: line 1 column 11 (char 10) [in /home/clement/Bureau/IUT - R&T/(1)SAE/CISCONF-backend-vers-Frontend (1)/flask_main.py:55]
2025-01-18 18:20:33,852 ERROR: Erreur lors de l'exécution des fonctions : 400 Bad Request: Failed to decode JSON object: Unterminated string starting at: line 1 column 11 (char 10) [in /home/clement/Bureau/IUT - R&T/(1)SAE/CISCONF-backend-vers-Frontend (1)/flask_main.py:55]
2025-01-18 18:20:36,862 ERROR: Erreur lors de l'exécution des fonctions : 'formattedData' [in /home/clement/Bureau/IUT - R&T/(1)SAE/CISCONF-backend-vers-Frontend (1)/flask_main.py:55]
2025-01-18 18:21:48,561 ERROR: Erreur lors de l'exécution des fonctions : 'formattedData' [in /home/clement/Bureau/IUT - R&T/(1)SAE/CISCONF-backend-vers-Frontend (1)/flask_main.py:56]
2025-01-18 18:23:49,428 ERROR: Erreur lors de l'exécution des fonctions : 'formattedData' [in /home/clement/Bureau/IUT - R&T/(1)SAE/CISCONF-backend-vers-Frontend (1)/flask_main.py:56]
2025-01-18 18:25:13,647 ERROR: Erreur lors de l'exécution des fonctions : 'formattedData' [in /home/clement/Bureau/IUT - R&T/(1)SAE/CISCONF-backend-vers-Frontend (1)/flask_main.py:56]
2025-01-18 18:25:14,961 ERROR: Erreur lors de l'exécution des fonctions : 'formattedData' [in /home/clement/Bureau/IUT - R&T/(1)SAE/CISCONF-backend-vers-Frontend (1)/flask_main.py:56]
2025-01-18 18:25:15,295 ERROR: Erreur lors de l'exécution des fonctions : 'formattedData' [in /home/clement/Bureau/IUT - R&T/(1)SAE/CISCONF-backend-vers-Frontend (1)/flask_main.py:56]
2025-01-18 18:25:15,494 ERROR: Erreur lors de l'exécution des fonctions : 'formattedData' [in /home/clement/Bureau/IUT - R&T/(1)SAE/CISCONF-backend-vers-Frontend (1)/flask_main.py:56]
2025-01-18 18:25:15,848 ERROR: Erreur lors de l'exécution des fonctions : 'formattedData' [in /home/clement/Bureau/IUT - R&T/(1)SAE/CISCONF-backend-vers-Frontend (1)/flask_main.py:56]
2025-01-18 18:25:16,093 ERROR: Erreur lors de l'exécution des fonctions : 'formattedData' [in /home/clement/Bureau/IUT - R&T/(1)SAE/CISCONF-backend-vers-Frontend (1)/flask_main.py:56]
2025-01-18 18:25:16,275 ERROR: Erreur lors de l'exécution des fonctions : 'formattedData' [in /home/clement/Bureau/IUT - R&T/(1)SAE/CISCONF-backend-vers-Frontend (1)/flask_main.py:56]
2025-01-18 18:25:16,481 ERROR: Erreur lors de l'exécution des fonctions : 'formattedData' [in /home/clement/Bureau/IUT - R&T/(1)SAE/CISCONF-backend-vers-Frontend (1)/flask_main.py:56]
2025-01-18 18:25:16,631 ERROR: Erreur lors de l'exécution des fonctions : 'formattedData' [in /home/clement/Bureau/IUT - R&T/(1)SAE/CISCONF-backend-vers-Frontend (1)/flask_main.py:56]
2025-01-18 18:25:16,817 ERROR: Erreur lors de l'exécution des fonctions : 'formattedData' [in /home/clement/Bureau/IUT - R&T/(1)SAE/CISCONF-backend-vers-Frontend (1)/flask_main.py:56]
2025-01-18 18:25:17,005 ERROR: Erreur lors de l'exécution des fonctions : 'formattedData' [in /home/clement/Bureau/IUT - R&T/(1)SAE/CISCONF-backend-vers-Frontend (1)/flask_main.py:56]
2025-01-18 18:25:17,194 ERROR: Erreur lors de l'exécution des fonctions : 'formattedData' [in /home/clement/Bureau/IUT - R&T/(1)SAE/CISCONF-backend-vers-Frontend (1)/flask_main.py:56]
2025-01-18 18:25:17,373 ERROR: Erreur lors de l'exécution des fonctions : 'formattedData' [in /home/clement/Bureau/IUT - R&T/(1)SAE/CISCONF-backend-vers-Frontend (1)/flask_main.py:56]
2025-01-18 18:25:17,568 ERROR: Erreur lors de l'exécution des fonctions : 'formattedData' [in /home/clement/Bureau/IUT - R&T/(1)SAE/CISCONF-backend-vers-Frontend (1)/flask_main.py:56]
2025-01-18 18:26:57,825 ERROR: Erreur lors de l'exécution des fonctions : 'formattedData' [in /home/clement/Bureau/IUT - R&T/(1)SAE/CISCONF-backend-vers-Frontend (1)/flask_main.py:56]
2025-01-18 18:29:04,109 ERROR: Erreur lors de l'exécution des fonctions : 'formattedData' [in /home/clement/Bureau/IUT - R&T/(1)SAE/CISCONF-backend-vers-Frontend (1)/flask_main.py:56]
2025-01-18 18:29:50,682 ERROR: Erreur lors de l'exécution des fonctions : 'formattedData' [in /home/clement/Bureau/IUT - R&T/(1)SAE/CISCONF-backend-vers-Frontend (1)/flask_main.py:56]
2025-01-18 18:30:28,360 ERROR: Erreur lors de l'exécution des fonctions : 'formattedData' [in /home/clement/Bureau/IUT - R&T/(1)SAE/CISCONF-backend-vers-Frontend (1)/flask_main.py:56]
2025-01-18 18:33:08,752 ERROR: Erreur lors de l'exécution des fonctions : 'formattedData' [in /home/clement/Bureau/IUT - R&T/(1)SAE/CISCONF-backend-vers-Frontend (1)/flask_main.py:61]
2025-01-19 17:11:57,320 WARNING: Page non trouvée : /favicon.ico [in /home/clement/Documents/CISCONF-backend-vers-Frontend/flask_main.py:68]
2025-01-19 17:12:01,198 ERROR: Erreur lors de l'exécution des fonctions : 'formattedData' [in /home/clement/Documents/CISCONF-backend-vers-Frontend/flask_main.py:61]
2025-01-19 17:14:50,637 ERROR: Erreur lors de l'exécution des fonctions : 'formattedData' [in /home/clement/Documents/CISCONF-backend-vers-Frontend/flask_main.py:61]
2025-01-19 17:25:07,303 ERROR: Erreur lors de l'exécution des fonctions : 'formattedData' [in /home/clement/Documents/CISCONF-backend-vers-Frontend/flask_main.py:61]
2025-01-19 17:25:43,282 ERROR: Erreur lors de l'exécution des fonctions : list indices must be integers or slices, not str [in /home/clement/Documents/CISCONF-backend-vers-Frontend/flask_main.py:61]
2025-01-19 17:27:59,749 ERROR: Erreur lors de l'exécution des fonctions : list indices must be integers or slices, not str [in /home/clement/Documents/CISCONF-backend-vers-Frontend/flask_main.py:61]
2025-01-19 17:28:11,512 ERROR: Erreur lors de l'exécution des fonctions : list indices must be integers or slices, not str [in /home/clement/Documents/CISCONF-backend-vers-Frontend/flask_main.py:61]
2025-01-19 17:30:38,321 ERROR: Erreur lors de l'exécution des fonctions : list indices must be integers or slices, not str [in /home/clement/Documents/CISCONF-backend-vers-Frontend/flask_main.py:61]
2025-01-19 17:31:40,842 ERROR: Erreur lors de l'exécution des fonctions : list indices must be integers or slices, not tuple [in /home/clement/Documents/CISCONF-backend-vers-Frontend/flask_main.py:61]
2025-01-19 17:31:44,416 ERROR: Erreur lors de l'exécution des fonctions : list indices must be integers or slices, not tuple [in /home/clement/Documents/CISCONF-backend-vers-Frontend/flask_main.py:61]
2025-01-19 17:32:14,075 ERROR: Erreur lors de l'exécution des fonctions : list indices must be integers or slices, not str [in /home/clement/Documents/CISCONF-backend-vers-Frontend/flask_main.py:61]
