2025-01-18 18:09:14,607 INFO: Démarrage de l'application Flask [in /home/clement/Bureau/IUT - R&T/(1)SAE/CISCONF-backend-vers-Frontend (1)/flask_main.py:75]
2025-01-18 18:09:15,614 INFO: Démarrage de l'application Flask [in /home/clement/Bureau/IUT - R&T/(1)SAE/CISCONF-backend-vers-Frontend (1)/flask_main.py:75]
2025-01-18 18:09:40,262 INFO: Accès à la page d'accueil [in /home/clement/Bureau/IUT - R&T/(1)SAE/CISCONF-backend-vers-Frontend (1)/flask_main.py:39]
2025-01-18 18:14:28,780 INFO: Démarrage de l'application Flask [in /home/clement/Bureau/IUT - R&T/(1)SAE/CISCONF-backend-vers-Frontend (1)/flask_main.py:75]
2025-01-18 18:14:39,227 INFO: Démarrage de l'application Flask [in /home/clement/Bureau/IUT - R&T/(1)SAE/CISCONF-backend-vers-Frontend (1)/flask_main.py:75]
2025-01-18 18:14:56,828 INFO: Démarrage de l'application Flask [in /home/clement/Bureau/IUT - R&T/(1)SAE/CISCONF-backend-vers-Frontend (1)/flask_main.py:75]
2025-01-18 18:21:40,797 INFO: Démarrage de l'application Flask [in /home/clement/Bureau/IUT - R&T/(1)SAE/CISCONF-backend-vers-Frontend (1)/flask_main.py:76]
2025-01-18 18:23:40,195 INFO: Démarrage de l'application Flask [in /home/clement/Bureau/IUT - R&T/(1)SAE/CISCONF-backend-vers-Frontend (1)/flask_main.py:76]
2025-01-18 18:23:41,341 INFO: Démarrage de l'application Flask [in /home/clement/Bureau/IUT - R&T/(1)SAE/CISCONF-backend-vers-Frontend (1)/flask_main.py:76]
2025-01-18 18:26:26,996 INFO: Démarrage de l'application Flask [in /home/clement/Bureau/IUT - R&T/(1)SAE/CISCONF-backend-vers-Frontend (1)/flask_main.py:76]
2025-01-18 18:26:27,864 INFO: Démarrage de l'application Flask [in /home/clement/Bureau/IUT - R&T/(1)SAE/CISCONF-backend-vers-Frontend (1)/flask_main.py:76]
2025-01-18 18:28:57,448 INFO: Démarrage de l'application Flask [in /home/clement/Bureau/IUT - R&T/(1)SAE/CISCONF-backend-vers-Frontend (1)/flask_main.py:76]
2025-01-18 18:28:58,494 INFO: Démarrage de l'application Flask [in /home/clement/Bureau/IUT - R&T/(1)SAE/CISCONF-backend-vers-Frontend (1)/flask_main.py:76]
2025-01-18 18:32:59,052 INFO: Démarrage de l'application Flask [in /home/clement/Bureau/IUT - R&T/(1)SAE/CISCONF-backend-vers-Frontend (1)/flask_main.py:81]
2025-01-18 18:33:00,242 INFO: Démarrage de l'application Flask [in /home/clement/Bureau/IUT - R&T/(1)SAE/CISCONF-backend-vers-Frontend (1)/flask_main.py:81]
2025-01-19 17:11:49,111 INFO: Démarrage de l'application Flask [in /home/clement/Documents/CISCONF-backend-vers-Frontend/flask_main.py:81]
2025-01-19 17:11:49,268 INFO: Démarrage de l'application Flask [in /home/clement/Documents/CISCONF-backend-vers-Frontend/flask_main.py:81]
2025-01-19 17:11:56,949 INFO: Accès à la page d'accueil [in /home/clement/Documents/CISCONF-backend-vers-Frontend/flask_main.py:39]
2025-01-19 17:14:47,866 INFO: Démarrage de l'application Flask [in /home/clement/Documents/CISCONF-backend-vers-Frontend/flask_main.py:81]
2025-01-19 17:25:38,690 INFO: Démarrage de l'application Flask [in /home/clement/Documents/CISCONF-backend-vers-Frontend/flask_main.py:81]
2025-01-19 17:25:38,861 INFO: Démarrage de l'application Flask [in /home/clement/Documents/CISCONF-backend-vers-Frontend/flask_main.py:81]
2025-01-19 17:28:08,816 INFO: Démarrage de l'application Flask [in /home/clement/Documents/CISCONF-backend-vers-Frontend/flask_main.py:81]
2025-01-19 17:28:08,981 INFO: Démarrage de l'application Flask [in /home/clement/Documents/CISCONF-backend-vers-Frontend/flask_main.py:81]
2025-01-19 17:31:38,736 INFO: Démarrage de l'application Flask [in /home/clement/Documents/CISCONF-backend-vers-Frontend/flask_main.py:81]
2025-01-19 17:32:12,067 INFO: Démarrage de l'application Flask [in /home/clement/Documents/CISCONF-backend-vers-Frontend/flask_main.py:81]
2025-01-19 17:33:37,717 INFO: Démarrage de l'application Flask [in /home/clement/Documents/CISCONF-backend-vers-Frontend/flask_main.py:81]
2025-01-19 17:33:37,884 INFO: Démarrage de l'application Flask [in /home/clement/Documents/CISCONF-backend-vers-Frontend/flask_main.py:81]
2025-01-19 17:34:09,199 INFO: Démarrage de l'application Flask [in /home/clement/Documents/CISCONF-backend-vers-Frontend/flask_main.py:86]
2025-01-19 17:35:04,562 INFO: Démarrage de l'application Flask [in /home/clement/Documents/CISCONF-backend-vers-Frontend/flask_main.py:86]
2025-01-19 17:35:14,805 INFO: Démarrage de l'application Flask [in /home/clement/Documents/CISCONF-backend-vers-Frontend/flask_main.py:85]
2025-01-19 17:35:30,064 INFO: Démarrage de l'application Flask [in /home/clement/Documents/CISCONF-backend-vers-Frontend/flask_main.py:85]
2025-01-19 17:41:18,266 INFO: Démarrage de l'application Flask [in /home/clement/Documents/CISCONF-backend-vers-Frontend/flask_main.py:85]
2025-01-19 17:41:18,431 INFO: Démarrage de l'application Flask [in /home/clement/Documents/CISCONF-backend-vers-Frontend/flask_main.py:85]
2025-01-24 16:08:10,578 INFO: Démarrage de l'application Flask [in /home/clement/CISCONF/flask_main.py:81]
2025-01-24 16:08:11,006 INFO: Démarrage de l'application Flask [in /home/clement/CISCONF/flask_main.py:81]
2025-01-24 16:08:22,538 INFO: Accès à la page d'accueil [in /home/clement/CISCONF/flask_main.py:39]
2025-01-24 16:08:26,174 INFO: Requête reçue avec les commandes : ['MainCommonCommand.set_hostname("default-hostname")', 'MainCommonCommand.set_enable_secret("default-secret")', 'MainCommonCommand.set_banner("Bienvenue sur le routeur !")', 'Interface.configure_interface("GigabitEthernet","0/0")', 'Ospf.router_ospf(1)', 'Ospf.set_router_id("0.0.0.0")', 'Rip.router_rip()', 'Rip.set_version(2)', 'Eigrp.router_eigrp(1)'] [in /home/clement/CISCONF/flask_main.py:55]
2025-01-24 16:08:26,175 INFO: Configuration générée avec succès [in /home/clement/CISCONF/flask_main.py:58]
2025-01-24 16:08:35,576 INFO: Requête reçue avec les commandes : ['MainCommonCommand.set_hostname("default-hostname")', 'MainCommonCommand.set_enable_secret("default-secret")', 'MainCommonCommand.set_banner("Bienvenue sur le routeur !")', 'Interface.configure_interface("GigabitEthernet","0/0")', 'Ospf.router_ospf(1)', 'Ospf.set_router_id("0.0.0.0")', 'Rip.router_rip()', 'Rip.set_version(2)', 'Eigrp.router_eigrp(1)'] [in /home/clement/CISCONF/flask_main.py:55]
2025-01-24 16:08:35,576 INFO: Configuration générée avec succès [in /home/clement/CISCONF/flask_main.py:58]
2025-01-24 16:08:36,202 INFO: Requête reçue avec les commandes : ['MainCommonCommand.set_hostname("default-hostname")', 'MainCommonCommand.set_enable_secret("default-secret")', 'MainCommonCommand.set_banner("Bienvenue sur le routeur !")', 'Interface.configure_interface("GigabitEthernet","0/0")', 'Ospf.router_ospf(1)', 'Ospf.set_router_id("0.0.0.0")', 'Rip.router_rip()', 'Rip.set_version(2)', 'Eigrp.router_eigrp(1)'] [in /home/clement/CISCONF/flask_main.py:55]
2025-01-24 16:08:36,203 INFO: Configuration générée avec succès [in /home/clement/CISCONF/flask_main.py:58]
2025-01-24 16:08:36,559 INFO: Requête reçue avec les commandes : ['MainCommonCommand.set_hostname("default-hostname")', 'MainCommonCommand.set_enable_secret("default-secret")', 'MainCommonCommand.set_banner("Bienvenue sur le routeur !")', 'Interface.configure_interface("GigabitEthernet","0/0")', 'Ospf.router_ospf(1)', 'Ospf.set_router_id("0.0.0.0")', 'Rip.router_rip()', 'Rip.set_version(2)', 'Eigrp.router_eigrp(1)'] [in /home/clement/CISCONF/flask_main.py:55]
2025-01-24 16:08:36,559 INFO: Configuration générée avec succès [in /home/clement/CISCONF/flask_main.py:58]
2025-01-24 16:29:10,200 INFO: Démarrage de l'application Flask [in /home/clement/CISCONF/flask_main.py:81]
2025-01-24 16:29:10,382 INFO: Démarrage de l'application Flask [in /home/clement/CISCONF/flask_main.py:81]
2025-01-24 16:29:16,303 INFO: Requête reçue avec les commandes : ['MainCommonCommand.set_hostname("default-hostname")', 'MainCommonCommand.set_enable_secret("default-secret")', 'MainCommonCommand.set_banner("Bienvenue sur le routeur !")', 'Interface.configure_interface("GigabitEthernet","0/0")', 'Ospf.router_ospf(1)', 'Ospf.set_router_id("0.0.0.0")', 'Rip.router_rip()', 'Rip.set_version(2)', 'Eigrp.router_eigrp(1)'] [in /home/clement/CISCONF/flask_main.py:55]
2025-01-24 16:29:16,304 INFO: Configuration générée avec succès [in /home/clement/CISCONF/flask_main.py:58]
2025-01-26 13:16:57,013 INFO: Démarrage de l'application Flask [in /home/clement/CISCONF/flask_main.py:81]
2025-01-26 13:16:57,221 INFO: Démarrage de l'application Flask [in /home/clement/CISCONF/flask_main.py:81]
2025-01-26 13:18:05,723 INFO: Requête reçue avec les commandes : ['MainCommonCommand.set_hostname("default-hostname")', 'MainCommonCommand.set_enable_secret("default-secret")', 'MainCommonCommand.set_banner("Bienvenue sur le routeur !")', 'Interface.configure_interface("GigabitEthernet","0/0")', 'Ospf.router_ospf("1")', 'Ospf.set_router_id("0.0.0.0")', 'Ospf.set_default_information()', 'Ospf.exit()', 'Rip.router_rip()', 'Rip.set_version(2)', 'Eigrp.router_eigrp(1)'] [in /home/clement/CISCONF/flask_main.py:55]
2025-01-26 13:18:05,723 INFO: Configuration générée avec succès [in /home/clement/CISCONF/flask_main.py:58]
2025-01-26 13:18:19,562 INFO: Requête reçue avec les commandes : ['MainCommonCommand.set_hostname("default-hostname")', 'MainCommonCommand.set_enable_secret("default-secret")', 'MainCommonCommand.set_banner("Bienvenue sur le routeur !")', 'Interface.configure_interface("GigabitEthernet","0/0")', 'Ospf.router_ospf("5")', 'Ospf.set_router_id("5555")', 'Ospf.set_default_information()', 'Ospf.exit()', 'Rip.router_rip()', 'Rip.set_version(2)', 'Eigrp.router_eigrp(1)'] [in /home/clement/CISCONF/flask_main.py:55]
2025-01-26 13:18:19,562 INFO: Configuration générée avec succès [in /home/clement/CISCONF/flask_main.py:58]
2025-01-26 13:22:52,139 INFO: Requête reçue avec les commandes : ['MainCommonCommand.set_hostname("default-hostname")', 'MainCommonCommand.set_enable_secret("default-secret")', 'MainCommonCommand.set_banner("Bienvenue sur le routeur !")', 'Interface.configure_interface("GigabitEthernet","0/0")', 'Ospf.router_ospf("1")', 'Ospf.set_router_id("0.0.0.0")', 'Ospf.set_default_information()', 'Ospf.exit()', 'Rip.router_rip()', 'Rip.set_version(2)', 'Eigrp.router_eigrp(1)'] [in /home/clement/CISCONF/flask_main.py:55]
2025-01-26 13:22:52,139 INFO: Configuration générée avec succès [in /home/clement/CISCONF/flask_main.py:58]
2025-01-26 13:37:23,091 INFO: Requête reçue avec les commandes : ['MainCommonCommand.set_hostname("default-hostname")', 'MainCommonCommand.set_enable_secret("default-secret")', 'MainCommonCommand.set_banner("Bienvenue sur le routeur !")', 'Interface.configure_interface("GigabitEthernet","0/0")', 'Ospf.router_ospf("1")', 'Ospf.set_router_id("0.0.0.0")', 'Ospf.set_default_information()', 'Ospf.exit()', 'Rip.router_rip()', 'Rip.set_version(2)', 'Eigrp.router_eigrp(1)'] [in /home/clement/CISCONF/flask_main.py:55]
2025-01-26 13:37:23,091 INFO: Configuration générée avec succès [in /home/clement/CISCONF/flask_main.py:58]
2025-01-26 13:38:00,575 INFO: Requête reçue avec les commandes : ['MainCommonCommand.set_hostname("default-hostname")', 'MainCommonCommand.set_enable_secret("default-secret")', 'MainCommonCommand.set_banner("Bienvenue sur le routeur !")', 'Ospf.router_ospf("1")', 'Ospf.set_router_id("0.0.0.0")', 'Ospf.set_default_information()', 'Ospf.exit()', 'Rip.router_rip()', 'Rip.set_version(2)', 'Eigrp.router_eigrp(1)'] [in /home/clement/CISCONF/flask_main.py:55]
2025-01-26 13:38:00,579 INFO: Configuration générée avec succès [in /home/clement/CISCONF/flask_main.py:58]
2025-01-26 13:38:36,084 INFO: Requête reçue avec les commandes : ['MainCommonCommand.set_hostname("default-hostname")', 'MainCommonCommand.set_enable_secret("default-secret")', 'MainCommonCommand.set_banner("Bienvenue sur le routeur !")', 'Ospf.router_ospf("1")', 'Ospf.set_router_id("0.0.0.0")', 'Ospf.set_default_information()', 'Ospf.exit()', 'Rip.router_rip()', 'Rip.set_version(2)', 'Eigrp.router_eigrp(1)'] [in /home/clement/CISCONF/flask_main.py:55]
2025-01-26 13:38:36,084 INFO: Configuration générée avec succès [in /home/clement/CISCONF/flask_main.py:58]
2025-01-26 14:41:37,614 INFO: Requête reçue avec les commandes : ['MainCommonCommand.set_hostname("default-hostname")', 'MainCommonCommand.set_enable_secret("default-secret")', 'MainCommonCommand.set_banner("Bienvenue sur le routeur !")', 'Ospf.router_ospf("1")', 'Ospf.set_router_id("0.0.0.0")', 'Ospf.set_default_information()', 'Ospf.exit()', 'Rip.router_rip()', 'Rip.set_version(2)', 'Eigrp.router_eigrp(1)'] [in /home/clement/CISCONF/flask_main.py:55]
2025-01-26 14:41:37,614 INFO: Configuration générée avec succès [in /home/clement/CISCONF/flask_main.py:58]
2025-01-26 15:00:00,296 INFO: Requête reçue avec les commandes : ['Ospf.router_ospf("")', 'Ospf.set_router_id("")', 'Ospf.set_default_information()', 'Ospf.exit()', 'Rip.router_rip()', 'Rip.set_version(2)', 'Eigrp.router_eigrp()'] [in /home/clement/CISCONF/flask_main.py:55]
2025-01-26 15:00:52,318 INFO: Requête reçue avec les commandes : ['Ospf.router_ospf("")', 'Ospf.set_router_id("")', 'Ospf.set_default_information()', 'Ospf.exit()', 'Rip.router_rip()', 'Rip.set_version(2)', 'Eigrp.router_eigrp()'] [in /home/clement/CISCONF/flask_main.py:55]
2025-01-26 15:02:37,540 INFO: Requête reçue avec les commandes : ['MainCommonCommand.set_hostname("default-hostname")', 'MainCommonCommand.set_enable_secret("default-secret")', 'MainCommonCommand.set_banner("Bienvenue sur le routeur !")', 'Ospf.router_ospf("1")', 'Ospf.set_router_id("0.0.0.0")', 'Ospf.set_default_information()', 'Ospf.exit()', 'Rip.router_rip()', 'Rip.set_version(2)', 'Eigrp.router_eigrp(1)'] [in /home/clement/CISCONF/flask_main.py:55]
2025-01-26 15:02:37,540 INFO: Configuration générée avec succès [in /home/clement/CISCONF/flask_main.py:58]
2025-01-26 15:03:01,625 INFO: Requête reçue avec les commandes : ['MainCommonCommand.set_hostname("default-hostname")', 'MainCommonCommand.set_enable_secret("default-secret")', 'MainCommonCommand.set_banner("Bienvenue sur le routeur !")', 'Ospf.router_ospf("1")', 'Ospf.set_router_id("0.0.0.0")', 'Ospf.set_default_information()', 'Ospf.exit()', 'Rip.router_rip()', 'Rip.set_version(2)', 'Eigrp.router_eigrp(1)'] [in /home/clement/CISCONF/flask_main.py:55]
2025-01-26 15:03:01,625 INFO: Configuration générée avec succès [in /home/clement/CISCONF/flask_main.py:58]
2025-01-26 15:08:27,747 INFO: Requête reçue avec les commandes : [] [in /home/clement/CISCONF/flask_main.py:55]
2025-01-26 15:08:27,747 INFO: Configuration générée avec succès [in /home/clement/CISCONF/flask_main.py:58]
2025-01-26 15:08:43,785 INFO: Requête reçue avec les commandes : ['MainCommonCommand.set_hostname("e")'] [in /home/clement/CISCONF/flask_main.py:55]
2025-01-26 15:08:43,785 INFO: Configuration générée avec succès [in /home/clement/CISCONF/flask_main.py:58]
2025-01-26 15:08:53,902 INFO: Requête reçue avec les commandes : [] [in /home/clement/CISCONF/flask_main.py:55]
2025-01-26 15:08:53,902 INFO: Configuration générée avec succès [in /home/clement/CISCONF/flask_main.py:58]
2025-01-26 15:11:45,638 INFO: Requête reçue avec les commandes : ['Vty.set_vty_line()', 'Vty.set_exec_timeout("s")', 'Vty.set_transport_input("s")', 'Vty.enable_login()', 'Vty.exit()'] [in /home/clement/CISCONF/flask_main.py:55]
2025-01-26 15:20:09,220 INFO: Démarrage de l'application Flask [in /home/clement/CISCONF/flask_main.py:81]
2025-01-26 15:20:09,463 INFO: Démarrage de l'application Flask [in /home/clement/CISCONF/flask_main.py:81]
2025-01-26 15:20:31,280 INFO: Requête reçue avec les commandes : ['Vty.set_vty_line()', 'Vty.set_exec_timeout("s")', 'Vty.set_transport_input("s")', 'Vty.enable_login()', 'Vty.exit()'] [in /home/clement/CISCONF/flask_main.py:55]
2025-01-26 15:22:09,639 INFO: Requête reçue avec les commandes : ['Vty.set_vty_line()', 'Vty.set_exec_timeout("s")', 'Vty.set_transport_input("input,ssh")', 'Vty.enable_login()', 'Vty.exit()'] [in /home/clement/CISCONF/flask_main.py:55]
2025-01-26 15:22:45,171 INFO: Requête reçue avec les commandes : [] [in /home/clement/CISCONF/flask_main.py:55]
2025-01-26 15:22:45,171 INFO: Configuration générée avec succès [in /home/clement/CISCONF/flask_main.py:58]
2025-01-26 15:22:49,792 INFO: Requête reçue avec les commandes : ['Vty.set_vty_line()', 'Vty.set_transport_input("ssh")', 'Vty.exit()'] [in /home/clement/CISCONF/flask_main.py:55]
2025-01-26 15:27:02,393 INFO: Requête reçue avec les commandes : ['Vty.set_vty_line()', 'Vty.set_transport_input("input,[object HTMLInputElement]")', 'Vty.exit()'] [in /home/clement/CISCONF/flask_main.py:55]
2025-01-26 15:27:11,098 INFO: Requête reçue avec les commandes : ['Vty.set_vty_line()', 'Vty.set_exec_timeout("s")', 'Vty.set_transport_input("input,[object HTMLInputElement]")', 'Vty.enable_login()', 'Vty.exit()'] [in /home/clement/CISCONF/flask_main.py:55]
2025-01-26 15:28:42,740 INFO: Requête reçue avec les commandes : ['Vty.set_vty_line()', 'Vty.set_exec_timeout("d")', 'Vty.set_transport_input("input,d")', 'Vty.enable_login()', 'Vty.exit()'] [in /home/clement/CISCONF/flask_main.py:55]
2025-01-26 15:29:59,734 INFO: Requête reçue avec les commandes : ['Vty.set_vty_line()', 'Vty.set_exec_timeout("s")', 'Vty.set_transport_input("input","s")', 'Vty.enable_login()', 'Vty.exit()'] [in /home/clement/CISCONF/flask_main.py:55]
2025-01-26 15:29:59,735 INFO: Configuration générée avec succès [in /home/clement/CISCONF/flask_main.py:58]
2025-01-26 15:32:07,011 INFO: Requête reçue avec les commandes : ['LineConsole.set_console_line()', 'LineConsole.enable_logging_synchronous()', 'LineConsole.enable_login()', 'LineConsole.exit()'] [in /home/clement/CISCONF/flask_main.py:55]
2025-01-26 15:32:07,011 INFO: Configuration générée avec succès [in /home/clement/CISCONF/flask_main.py:58]
2025-01-26 15:34:32,511 INFO: Démarrage de l'application Flask [in /home/clement/CISCONF/flask_main.py:81]
2025-01-26 15:34:32,989 INFO: Démarrage de l'application Flask [in /home/clement/CISCONF/flask_main.py:81]
2025-01-26 15:34:55,815 INFO: Requête reçue avec les commandes : ['Ssh.set_ssh_version(s)', 'Ssh.set_ssh_authentication_retries(5)'] [in /home/clement/CISCONF/flask_main.py:55]
2025-01-26 15:35:30,063 INFO: Requête reçue avec les commandes : ['Ssh.set_ssh_version(2)', 'Ssh.set_ssh_authentication_retries(5)'] [in /home/clement/CISCONF/flask_main.py:55]
2025-01-26 15:35:30,063 INFO: Configuration générée avec succès [in /home/clement/CISCONF/flask_main.py:58]
2025-01-26 15:38:52,560 INFO: Requête reçue avec les commandes : ['Ssh.set_ssh_version(2)'] [in /home/clement/CISCONF/flask_main.py:55]
2025-01-26 15:38:52,560 INFO: Configuration générée avec succès [in /home/clement/CISCONF/flask_main.py:58]
2025-01-26 15:40:36,378 INFO: Requête reçue avec les commandes : ['Interface.configure_interface("Serial","1/1/1")', 'Interface.set_ip_address("192.168.1.1","255.255.255.0")', 'Interface.set_description("l")', 'Interface.set_interface_mode("access")', 'Interface.enable_interface()', 'Interface.exit_interface()'] [in /home/clement/CISCONF/flask_main.py:55]
2025-01-26 15:40:36,378 INFO: Configuration générée avec succès [in /home/clement/CISCONF/flask_main.py:58]
2025-01-26 15:40:49,623 INFO: Requête reçue avec les commandes : ['Interface.configure_interface("Serial","1/1/1")', 'Interface.set_ip_address("192.168.1.1","255.255.255.0")', 'Interface.set_description("l")', 'Interface.set_interface_mode("access")', 'Interface.interface_range_until("Serial","0/01","0/0/5")', 'Interface.enable_interface()', 'Interface.exit_interface()'] [in /home/clement/CISCONF/flask_main.py:55]
2025-01-26 15:40:49,624 INFO: Configuration générée avec succès [in /home/clement/CISCONF/flask_main.py:58]
2025-01-26 15:41:05,111 INFO: Requête reçue avec les commandes : ['Interface.configure_interface("Serial","1/1/1")', 'Interface.set_ip_address("192.168.1.1","255.255.255.0")', 'Interface.set_description("l")', 'Interface.set_interface_mode("access")', 'Interface.interface_range_until("Serial","0/01","0/0/5")', 'Interface.enable_interface()', 'Interface.exit_interface()'] [in /home/clement/CISCONF/flask_main.py:55]
2025-01-26 15:41:05,111 INFO: Configuration générée avec succès [in /home/clement/CISCONF/flask_main.py:58]
2025-01-26 15:41:05,897 INFO: Requête reçue avec les commandes : ['Interface.configure_interface("Serial","1/1/1")', 'Interface.set_ip_address("192.168.1.1","255.255.255.0")', 'Interface.set_description("l")', 'Interface.set_interface_mode("access")', 'Interface.interface_range_until("Serial","0/01","0/0/5")', 'Interface.enable_interface()', 'Interface.exit_interface()'] [in /home/clement/CISCONF/flask_main.py:55]
2025-01-26 15:41:05,897 INFO: Configuration générée avec succès [in /home/clement/CISCONF/flask_main.py:58]
2025-01-26 15:42:48,264 INFO: Requête reçue avec les commandes : [] [in /home/clement/CISCONF/flask_main.py:55]
2025-01-26 15:42:48,264 INFO: Configuration générée avec succès [in /home/clement/CISCONF/flask_main.py:58]
2025-01-26 15:43:27,761 INFO: Requête reçue avec les commandes : ['Dhcp.exclude_addresses("5", "5")', 'Dhcp.enter_pool("ds")', 'Dhcp.set_default_router("252")', 'Dhcp.set_dns_server("8.8.8.8")', 'Dhcp.exit()'] [in /home/clement/CISCONF/flask_main.py:55]
2025-01-26 15:43:27,761 INFO: Configuration générée avec succès [in /home/clement/CISCONF/flask_main.py:58]
2025-01-26 15:44:59,968 INFO: Requête reçue avec les commandes : ['Dhcp.exclude_addresses("5", "5")', 'Dhcp.enter_pool("ds")', 'Dhcp.set_default_router("252")', 'Dhcp.set_dns_server("8.8.8.8")', 'Dhcp.exit()'] [in /home/clement/CISCONF/flask_main.py:55]
2025-01-26 15:44:59,968 INFO: Configuration générée avec succès [in /home/clement/CISCONF/flask_main.py:58]
2025-01-26 15:46:43,528 INFO: Requête reçue avec les commandes : ['Vlan.create_vlan(10, "vlan")'] [in /home/clement/CISCONF/flask_main.py:55]
2025-01-26 15:48:02,308 INFO: Requête reçue avec les commandes : ['Vlan.set_vlan_name(10, "hello")'] [in /home/clement/CISCONF/flask_main.py:55]
2025-01-26 15:48:02,308 INFO: Configuration générée avec succès [in /home/clement/CISCONF/flask_main.py:58]
2025-01-26 15:50:29,819 INFO: Requête reçue avec les commandes : ['Dhcp.exclude_addresses("5", "6")', 'Dhcp.enter_pool("ff")', 'Dhcp.set_default_router("192.1.1")', 'Dhcp.set_dns_server("8.8.88")', 'Dhcp.exit()'] [in /home/clement/CISCONF/flask_main.py:55]
2025-01-26 15:50:29,819 INFO: Configuration générée avec succès [in /home/clement/CISCONF/flask_main.py:58]
2025-01-26 15:53:24,144 INFO: Requête reçue avec les commandes : ['Dhcp.exclude_addresses("5", "6")', 'Dhcp.enter_pool("ss")', 'Dhcp.set_default_router("192.1")', 'Dhcp.set_dns_server("8.888")', 'Dhcp.exit()'] [in /home/clement/CISCONF/flask_main.py:55]
2025-01-26 15:53:24,145 INFO: Configuration générée avec succès [in /home/clement/CISCONF/flask_main.py:58]
2025-01-26 15:56:13,956 INFO: Requête reçue avec les commandes : ['Rip.router_rip()', 'Rip.set_version(2)', 'Rip.exit()'] [in /home/clement/CISCONF/flask_main.py:55]
2025-01-26 15:56:13,957 INFO: Configuration générée avec succès [in /home/clement/CISCONF/flask_main.py:58]
2025-01-26 15:59:50,876 INFO: Requête reçue avec les commandes : ['Rip.router_rip()', 'Rip.set_version(2)', 'Rip.exit()'] [in /home/clement/CISCONF/flask_main.py:55]
2025-01-26 15:59:50,876 INFO: Configuration générée avec succès [in /home/clement/CISCONF/flask_main.py:58]
2025-01-26 16:03:38,438 INFO: Requête reçue avec les commandes : [] [in /home/clement/CISCONF/flask_main.py:55]
2025-01-26 16:03:38,438 INFO: Configuration générée avec succès [in /home/clement/CISCONF/flask_main.py:58]
2025-01-26 16:04:02,263 INFO: Requête reçue avec les commandes : [] [in /home/clement/CISCONF/flask_main.py:55]
2025-01-26 16:04:02,263 INFO: Configuration générée avec succès [in /home/clement/CISCONF/flask_main.py:58]
2025-01-26 16:05:52,276 INFO: Requête reçue avec les commandes : [] [in /home/clement/CISCONF/flask_main.py:55]
2025-01-26 16:05:52,277 INFO: Configuration générée avec succès [in /home/clement/CISCONF/flask_main.py:58]
2025-01-26 16:07:19,679 INFO: Requête reçue avec les commandes : ['Rip.router_rip()', 'Rip.set_version(2)', 'Rip.exit()'] [in /home/clement/CISCONF/flask_main.py:55]
2025-01-26 16:07:19,679 INFO: Configuration générée avec succès [in /home/clement/CISCONF/flask_main.py:58]
2025-01-26 16:11:04,710 INFO: Requête reçue avec les commandes : ['Rip.router_rip()', 'Rip.set_version(2)', 'Rip.exit()'] [in /home/clement/CISCONF/flask_main.py:55]
2025-01-26 16:11:04,710 INFO: Configuration générée avec succès [in /home/clement/CISCONF/flask_main.py:58]
2025-01-26 16:15:21,925 INFO: Requête reçue avec les commandes : ['Ospf.router_ospf("")', 'Ospf.set_router_id("")', 'Ospf.exit()', 'Rip.router_rip()', 'Rip.set_version(2)', 'Rip.exit()'] [in /home/clement/CISCONF/flask_main.py:55]
2025-01-26 16:15:21,925 INFO: Configuration générée avec succès [in /home/clement/CISCONF/flask_main.py:58]
2025-01-26 16:42:50,412 INFO: Requête reçue avec les commandes : ['Ospf.router_ospf("")', 'Ospf.set_router_id("")', 'Ospf.exit()', 'Ospf.router_ospf("")', 'Ospf.set_router_id("")', 'Ospf.exit()', 'Rip.router_rip()', 'Rip.set_version(2)', 'Rip.exit()'] [in /home/clement/CISCONF/flask_main.py:55]
2025-01-26 16:42:50,412 INFO: Configuration générée avec succès [in /home/clement/CISCONF/flask_main.py:58]
2025-01-26 16:44:41,525 INFO: Requête reçue avec les commandes : ['Ospf.router_ospf("")', 'Ospf.set_router_id("")', 'Ospf.exit()', 'Ospf.exit()', 'Rip.router_rip()', 'Rip.set_version(2)', 'Rip.exit()'] [in /home/clement/CISCONF/flask_main.py:55]
2025-01-26 16:44:41,525 INFO: Configuration générée avec succès [in /home/clement/CISCONF/flask_main.py:58]
2025-01-26 16:45:46,512 INFO: Requête reçue avec les commandes : ['Ospf.router_ospf("")', 'Ospf.set_router_id("")', 'Ospf.exit()', 'Ospf.exit()', 'Rip.router_rip()', 'Rip.set_version(2)', 'Rip.exit()'] [in /home/clement/CISCONF/flask_main.py:55]
2025-01-26 16:45:46,512 INFO: Configuration générée avec succès [in /home/clement/CISCONF/flask_main.py:58]
2025-01-26 16:48:05,152 INFO: Requête reçue avec les commandes : [] [in /home/clement/CISCONF/flask_main.py:55]
2025-01-26 16:48:05,152 INFO: Configuration générée avec succès [in /home/clement/CISCONF/flask_main.py:58]
2025-01-26 16:48:10,696 INFO: Requête reçue avec les commandes : ['Ospf.router_ospf("")', 'Ospf.set_router_id("")', 'Ospf.exit()', 'Ospf.exit()'] [in /home/clement/CISCONF/flask_main.py:55]
2025-01-26 16:48:10,697 INFO: Configuration générée avec succès [in /home/clement/CISCONF/flask_main.py:58]
2025-01-26 16:48:20,906 INFO: Requête reçue avec les commandes : ['Ospf.router_ospf("12")', 'Ospf.set_router_id("11")', 'Ospf.set_network("11", "11", "1")', 'Ospf.exit()', 'Ospf.router_ospf("12")', 'Ospf.set_router_id("11")', 'Ospf.set_network("11", "11", "1")', 'Ospf.exit()'] [in /home/clement/CISCONF/flask_main.py:55]
2025-01-26 16:48:20,907 INFO: Configuration générée avec succès [in /home/clement/CISCONF/flask_main.py:58]
2025-01-26 16:48:28,476 INFO: Requête reçue avec les commandes : ['Ospf.router_ospf("12")', 'Ospf.set_router_id("11")', 'Ospf.set_network("11", "11", "1")', 'Ospf.exit()', 'Ospf.router_ospf("12")', 'Ospf.set_router_id("11")', 'Ospf.set_network("11", "11", "1")', 'Ospf.exit()'] [in /home/clement/CISCONF/flask_main.py:55]
2025-01-26 16:48:28,476 INFO: Configuration générée avec succès [in /home/clement/CISCONF/flask_main.py:58]
2025-01-26 16:48:29,150 INFO: Requête reçue avec les commandes : ['Ospf.router_ospf("12")', 'Ospf.set_router_id("11")', 'Ospf.set_network("11", "11", "1")', 'Ospf.exit()', 'Ospf.router_ospf("12")', 'Ospf.set_router_id("11")', 'Ospf.set_network("11", "11", "1")', 'Ospf.exit()'] [in /home/clement/CISCONF/flask_main.py:55]
2025-01-26 16:48:29,151 INFO: Configuration générée avec succès [in /home/clement/CISCONF/flask_main.py:58]
2025-01-26 16:49:24,348 INFO: Requête reçue avec les commandes : ['Ospf.router_ospf("")', 'Ospf.set_router_id("")', 'Ospf.exit()', 'Ospf.exit()'] [in /home/clement/CISCONF/flask_main.py:55]
2025-01-26 16:49:24,348 INFO: Configuration générée avec succès [in /home/clement/CISCONF/flask_main.py:58]
2025-01-26 16:50:52,336 INFO: Requête reçue avec les commandes : ['Ospf.exit()'] [in /home/clement/CISCONF/flask_main.py:55]
2025-01-26 16:50:52,337 INFO: Configuration générée avec succès [in /home/clement/CISCONF/flask_main.py:58]
2025-01-26 16:51:03,547 INFO: Requête reçue avec les commandes : ['Ospf.router_ospf("1")', 'Ospf.set_router_id("11")', 'Ospf.set_network("1", "1", "1")', 'Ospf.exit()'] [in /home/clement/CISCONF/flask_main.py:55]
2025-01-26 16:51:03,548 INFO: Configuration générée avec succès [in /home/clement/CISCONF/flask_main.py:58]
2025-01-26 16:51:42,624 INFO: Requête reçue avec les commandes : ['Rip.router_rip()', 'Rip.set_version(2)', 'Rip.exit()'] [in /home/clement/CISCONF/flask_main.py:55]
2025-01-26 16:51:42,624 INFO: Configuration générée avec succès [in /home/clement/CISCONF/flask_main.py:58]
2025-01-26 16:53:58,370 INFO: Requête reçue avec les commandes : ['Eigrp.router_eigrp("")', 'Eigrp.exit()', 'Rip.router_rip()', 'Rip.set_version(2)', 'Rip.exit()'] [in /home/clement/CISCONF/flask_main.py:55]
2025-01-26 16:53:58,373 INFO: Configuration générée avec succès [in /home/clement/CISCONF/flask_main.py:58]
2025-01-26 16:54:11,370 INFO: Requête reçue avec les commandes : ['Eigrp.router_eigrp("")', 'Eigrp.exit()'] [in /home/clement/CISCONF/flask_main.py:55]
2025-01-26 16:54:11,371 INFO: Configuration générée avec succès [in /home/clement/CISCONF/flask_main.py:58]
2025-01-26 16:54:22,324 INFO: Requête reçue avec les commandes : ['Eigrp.router_eigrp("")', 'Eigrp.exit()'] [in /home/clement/CISCONF/flask_main.py:55]
2025-01-26 16:54:22,325 INFO: Configuration générée avec succès [in /home/clement/CISCONF/flask_main.py:58]
2025-01-26 16:57:06,434 INFO: Requête reçue avec les commandes : ['Eigrp.router_eigrp("")', 'Eigrp.exit()'] [in /home/clement/CISCONF/flask_main.py:55]
2025-01-26 16:57:06,434 INFO: Configuration générée avec succès [in /home/clement/CISCONF/flask_main.py:58]
2025-01-26 16:57:35,705 INFO: Requête reçue avec les commandes : ['Eigrp.router_eigrp("")', 'Eigrp.exit()'] [in /home/clement/CISCONF/flask_main.py:55]
2025-01-26 16:57:35,705 INFO: Configuration générée avec succès [in /home/clement/CISCONF/flask_main.py:58]
2025-01-26 16:57:57,702 INFO: Requête reçue avec les commandes : [] [in /home/clement/CISCONF/flask_main.py:55]
2025-01-26 16:57:57,702 INFO: Configuration générée avec succès [in /home/clement/CISCONF/flask_main.py:58]
2025-01-26 16:58:05,295 INFO: Requête reçue avec les commandes : [] [in /home/clement/CISCONF/flask_main.py:55]
2025-01-26 16:58:05,295 INFO: Configuration générée avec succès [in /home/clement/CISCONF/flask_main.py:58]
2025-01-26 16:58:10,436 INFO: Requête reçue avec les commandes : [] [in /home/clement/CISCONF/flask_main.py:55]
2025-01-26 16:58:10,436 INFO: Configuration générée avec succès [in /home/clement/CISCONF/flask_main.py:58]
2025-01-26 16:58:39,424 INFO: Requête reçue avec les commandes : [] [in /home/clement/CISCONF/flask_main.py:55]
2025-01-26 16:58:39,424 INFO: Configuration générée avec succès [in /home/clement/CISCONF/flask_main.py:58]
2025-01-26 16:58:51,415 INFO: Requête reçue avec les commandes : [] [in /home/clement/CISCONF/flask_main.py:55]
2025-01-26 16:58:51,415 INFO: Configuration générée avec succès [in /home/clement/CISCONF/flask_main.py:58]
